<?xml version="1.0" encoding="UTF-8" ?>
<testsuite tests="9" failures="0" name="Test.AutoTests" time="180.727" errors="0" skipped="0">
  <properties>
[...]
</properties>
  <testcase classname="Test.AutoTests" name="AddTOFavor" time="25.391"/>
  <testcase classname="Test.AutoTests" name="ChangeSettings" time="14.591"/>
  <testcase classname="Test.AutoTests" name="Comment" time="27.491"/>
  <testcase classname="Test.AutoTests" name="DelFromFavor" time="26.274"/>
  <testcase classname="Test.AutoTests" name="Search" time="12.641"/>
  <testcase classname="Test.AutoTests" name="Sort" time="28.311"/>
  <testcase classname="Test.AutoTests" name="changePassorwd" time="18.066"/>
  <testcase classname="Test.AutoTests" name="logInSecond" time="11.322"/>
  <testcase classname="Test.AutoTests" name="logOutSecond" time="16.64"/>
</testsuite>