<?xml version="1.0" encoding="UTF-8"?>
<!-- Generated by org.testng.reporters.JUnitXMLReporter -->
<testsuite hostname="AlexXxN13PC" name="Command line test" tests="9" failures="0" timestamp="30 May 2016 05:46:23 GMT" time="218.325" errors="0">
  <testcase name="AddTOFavor" time="25.385" classname="Test.AutoTests"/>
  <testcase name="ChangeSettings" time="14.59" classname="Test.AutoTests"/>
  <testcase name="Comment" time="27.497" classname="Test.AutoTests"/>
  <testcase name="DelFromFavor" time="26.274" classname="Test.AutoTests"/>
  <testcase name="Search" time="12.643" classname="Test.AutoTests"/>
  <testcase name="Sort" time="28.32" classname="Test.AutoTests"/>
  <testcase name="changePassorwd" time="18.077" classname="Test.AutoTests"/>
  <testcase name="logInSecond" time="11.375" classname="Test.AutoTests"/>
  <testcase name="logOutSecond" time="16.644" classname="Test.AutoTests"/>
</testsuite> <!-- Command line test -->
